[0;92mWails CLI[0m [0;31mv2.12.0[0m


# [1;33m[1;33mBuild Options[0m
[1;33m[0m[0m
Platform(s)       [90m[90m | [0m[0mwindows/amd64                                       
Compiler          [90m[90m | [0m[0mC:\hostedtoolcache\windows\go\1.22.12\x64\bin\go.exe
Skip Bindings     [90m[90m | [0m[0mtrue                                                
Build Mode        [90m[90m | [0m[0mproduction                                          
Devtools          [90m[90m | [0m[0mfalse                                               
Frontend Directory[90m[90m | [0m[0mD:\a\x7k9m2p4\x7k9m2p4\frontend                     
Obfuscated        [90m[90m | [0m[0mfalse                                               
Skip Frontend     [90m[90m | [0m[0mtrue                                                
Compress          [90m[90m | [0m[0mfalse                                               
Package           [90m[90m | [0m[0mtrue                                                
Clean Bin Dir     [90m[90m | [0m[0mtrue                                                
LDFlags           [90m[90m | [0m[0m                                                    
Tags              [90m[90m | [0m[0m[]                                                  
Race Detector     [90m[90m | [0m[0mfalse                                               
Output File       [90m[90m | [0m[0mhixns-agent-windows-amd64.exe                       


# [1;33m[1;33mBuilding target: windows/amd64[0m
[1;33m[0m[0m
  [90m[90m•[0m[0m [39m[39mGenerating application assets: [0m[0mDone.
  [90m[90m•[0m[0m [39m[39mCompiling application: [0m[0m# hixns-agent
too many .rsrc sections
[30;101m[30;101m  ERROR  [0m[0m [91m[91mexit status 1[0m[0m

[30;101m[30;101m  ERROR  [0m[0m [91m[91mexit status 1[0m[0m
[31;107m[31;107m ♥  [0m[0m [92m[92mIf Wails is useful to you or your company, please consider sponsoring the project:[0m[0m
https://github.com/sponsors/leaanthony
